[0.756s] Invoking command in '/home/draco/ros2_ws/src/orbit_bot_base': DEBUGINFOD_URLS=https://debuginfod.ubuntu.com PYTHONPATH=/home/draco/ros2_ws/src/build/orbit_bot_base/prefix_override:/usr/lib/python3/dist-packages/colcon_core/task/python/colcon_distutils_commands:/home/draco/ros2_ws/src/install/orbit_bot_base/lib/python3.12/site-packages:${PYTHONPATH} /usr/bin/python3 -W ignore:setup.py install is deprecated -W ignore:easy_install command is deprecated setup.py egg_info --egg-base ../build/orbit_bot_base build --build-base /home/draco/ros2_ws/src/build/orbit_bot_base/build install --record /home/draco/ros2_ws/src/build/orbit_bot_base/install.log --single-version-externally-managed install_data
[1.014s] running egg_info
[1.014s] creating ../build/orbit_bot_base/orbit_bot_base.egg-info
[1.032s] writing ../build/orbit_bot_base/orbit_bot_base.egg-info/PKG-INFO
[1.032s] writing dependency_links to ../build/orbit_bot_base/orbit_bot_base.egg-info/dependency_links.txt
[1.032s] writing entry points to ../build/orbit_bot_base/orbit_bot_base.egg-info/entry_points.txt
[1.033s] writing requirements to ../build/orbit_bot_base/orbit_bot_base.egg-info/requires.txt
[1.033s] writing top-level names to ../build/orbit_bot_base/orbit_bot_base.egg-info/top_level.txt
[1.033s] writing manifest file '../build/orbit_bot_base/orbit_bot_base.egg-info/SOURCES.txt'
[1.069s] reading manifest file '../build/orbit_bot_base/orbit_bot_base.egg-info/SOURCES.txt'
[1.070s] writing manifest file '../build/orbit_bot_base/orbit_bot_base.egg-info/SOURCES.txt'
[1.070s] running build
[1.070s] running build_py
[1.070s] creating /home/draco/ros2_ws/src/build/orbit_bot_base/build
[1.070s] creating /home/draco/ros2_ws/src/build/orbit_bot_base/build/lib
[1.070s] creating /home/draco/ros2_ws/src/build/orbit_bot_base/build/lib/orbit_bot_base
[1.070s] copying orbit_bot_base/__init__.py -> /home/draco/ros2_ws/src/build/orbit_bot_base/build/lib/orbit_bot_base
[1.070s] copying orbit_bot_base/base_driver.py -> /home/draco/ros2_ws/src/build/orbit_bot_base/build/lib/orbit_bot_base
[1.070s] running install
[1.076s] running install_lib
[1.094s] creating /home/draco/ros2_ws/src/install/orbit_bot_base/lib/python3.12/site-packages/orbit_bot_base
[1.094s] copying /home/draco/ros2_ws/src/build/orbit_bot_base/build/lib/orbit_bot_base/__init__.py -> /home/draco/ros2_ws/src/install/orbit_bot_base/lib/python3.12/site-packages/orbit_bot_base
[1.095s] copying /home/draco/ros2_ws/src/build/orbit_bot_base/build/lib/orbit_bot_base/base_driver.py -> /home/draco/ros2_ws/src/install/orbit_bot_base/lib/python3.12/site-packages/orbit_bot_base
[1.095s] byte-compiling /home/draco/ros2_ws/src/install/orbit_bot_base/lib/python3.12/site-packages/orbit_bot_base/__init__.py to __init__.cpython-312.pyc
[1.095s] byte-compiling /home/draco/ros2_ws/src/install/orbit_bot_base/lib/python3.12/site-packages/orbit_bot_base/base_driver.py to base_driver.cpython-312.pyc
[1.097s] running install_data
[1.097s] creating /home/draco/ros2_ws/src/install/orbit_bot_base/share/ament_index
[1.097s] creating /home/draco/ros2_ws/src/install/orbit_bot_base/share/ament_index/resource_index
[1.097s] creating /home/draco/ros2_ws/src/install/orbit_bot_base/share/ament_index/resource_index/packages
[1.097s] copying resource/orbit_bot_base -> /home/draco/ros2_ws/src/install/orbit_bot_base/share/ament_index/resource_index/packages
[1.097s] copying package.xml -> /home/draco/ros2_ws/src/install/orbit_bot_base/share/orbit_bot_base
[1.097s] creating /home/draco/ros2_ws/src/install/orbit_bot_base/share/orbit_bot_base/launch
[1.097s] copying launch/base.launch.py -> /home/draco/ros2_ws/src/install/orbit_bot_base/share/orbit_bot_base/launch
[1.097s] running install_egg_info
[1.117s] Copying ../build/orbit_bot_base/orbit_bot_base.egg-info to /home/draco/ros2_ws/src/install/orbit_bot_base/lib/python3.12/site-packages/orbit_bot_base-0.0.0-py3.12.egg-info
[1.118s] running install_scripts
[1.238s] Installing base_driver script to /home/draco/ros2_ws/src/install/orbit_bot_base/lib/orbit_bot_base
[1.238s] writing list of installed files to '/home/draco/ros2_ws/src/build/orbit_bot_base/install.log'
[1.265s] Invoked command in '/home/draco/ros2_ws/src/orbit_bot_base' returned '0': DEBUGINFOD_URLS=https://debuginfod.ubuntu.com PYTHONPATH=/home/draco/ros2_ws/src/build/orbit_bot_base/prefix_override:/usr/lib/python3/dist-packages/colcon_core/task/python/colcon_distutils_commands:/home/draco/ros2_ws/src/install/orbit_bot_base/lib/python3.12/site-packages:${PYTHONPATH} /usr/bin/python3 -W ignore:setup.py install is deprecated -W ignore:easy_install command is deprecated setup.py egg_info --egg-base ../build/orbit_bot_base build --build-base /home/draco/ros2_ws/src/build/orbit_bot_base/build install --record /home/draco/ros2_ws/src/build/orbit_bot_base/install.log --single-version-externally-managed install_data
